Started GET "/" for ::1 at 2017-08-23 14:51:36 -0700
DEPRECATION WARNING: ActiveRecord::Base.raise_in_transactional_callbacks= is deprecated, has no effect and will be removed without replacement. (called from block (3 levels) in <class:Railtie> at /Users/mac/.rbenv/versions/2.3.1/lib/ruby/gems/2.3.0/gems/activerecord-5.0.5/lib/active_record/railtie.rb:113)
Processing by StaticPagesController#index as HTML
  Rendering static_pages/index.html.erb within layouts/application
  Rendered shared/_main_nav.html.erb (0.5ms)
  Rendered shared/_masthead.html.erb (0.3ms)
  Rendered shared/_sections_nav.html.erb (0.3ms)
  Rendered shared/_search_modal.html.erb (0.3ms)
  Rendered shared/_main_content.html.erb (0.4ms)
  Rendered static_pages/index.html.erb within layouts/application (11.6ms)
Completed 200 OK in 931ms (Views: 928.7ms | ActiveRecord: 0.0ms)


Started GET "/assets/components/modal.self-52188644dbb47def5ee35ae02e69eb567ca9b664472357a8a5789dd39032a265.js?body=1" for ::1 at 2017-08-23 14:51:37 -0700
Started GET "/assets/jquery_ujs.self-784a997f6726036b1993eb2217c9cb558e1cbb801c6da88105588c56f13b466a.js?body=1" for ::1 at 2017-08-23 14:51:37 -0700
Started GET "/assets/components/dropdown.self-815016af6fab1d5b72abd319213bf62f0c42bab2c585d2e059543ae704a0d74c.js?body=1" for ::1 at 2017-08-23 14:51:37 -0700
Started GET "/assets/jquery.self-bd7ddd393353a8d2480a622e80342adf488fb6006d667e8b42e4c0073393abee.js?body=1" for ::1 at 2017-08-23 14:51:37 -0700
Started GET "/assets/application.self-4149018d64f0a9fb5744763289f112a1f51a9c9f1b5e9652c32b4a7ed525e720.css?body=1" for ::1 at 2017-08-23 14:51:37 -0700
Started GET "/assets/application.self-f571b9db02bf4ed04c38a6a29072ac382f7d4f47db1fab9817aeadb0d8665235.js?body=1" for ::1 at 2017-08-23 14:51:37 -0700
Started GET "/assets/components/sidebar.self-2a1277f850a6fa21e1a974ef5152f177ac05516477d5081d593bb137b3d6808b.js?body=1" for ::1 at 2017-08-23 14:51:37 -0700
Started GET "/assets/application.self-4149018d64f0a9fb5744763289f112a1f51a9c9f1b5e9652c32b4a7ed525e720.css?body=1&livereload=1503527888714" for ::1 at 2017-08-23 15:38:08 -0700
Started GET "/assets/application.self-4149018d64f0a9fb5744763289f112a1f51a9c9f1b5e9652c32b4a7ed525e720.css?body=1&livereload=1503527888708" for ::1 at 2017-08-23 15:38:08 -0700
Started GET "/assets/application.self-4149018d64f0a9fb5744763289f112a1f51a9c9f1b5e9652c32b4a7ed525e720.css?body=1&livereload=1503528088098" for ::1 at 2017-08-23 15:41:28 -0700
Started GET "/assets/application.self-4149018d64f0a9fb5744763289f112a1f51a9c9f1b5e9652c32b4a7ed525e720.css?body=1&livereload=1503528088100" for ::1 at 2017-08-23 15:41:28 -0700
Started GET "/assets/application.self-4149018d64f0a9fb5744763289f112a1f51a9c9f1b5e9652c32b4a7ed525e720.css?body=1&livereload=1503528137857" for ::1 at 2017-08-23 15:42:17 -0700
Started GET "/assets/application.self-4149018d64f0a9fb5744763289f112a1f51a9c9f1b5e9652c32b4a7ed525e720.css?body=1&livereload=1503528137858" for ::1 at 2017-08-23 15:42:17 -0700
Started GET "/assets/application.self-4149018d64f0a9fb5744763289f112a1f51a9c9f1b5e9652c32b4a7ed525e720.css?body=1&livereload=1503528167212" for ::1 at 2017-08-23 15:42:47 -0700
Started GET "/assets/application.self-4149018d64f0a9fb5744763289f112a1f51a9c9f1b5e9652c32b4a7ed525e720.css?body=1&livereload=1503528167212&livereload=1503528167212" for ::1 at 2017-08-23 15:42:47 -0700
Started GET "/assets/application.self-4149018d64f0a9fb5744763289f112a1f51a9c9f1b5e9652c32b4a7ed525e720.css?body=1&livereload=1503529473291&livereload=1503528167212" for ::1 at 2017-08-23 16:04:33 -0700
Started GET "/assets/application.self-4149018d64f0a9fb5744763289f112a1f51a9c9f1b5e9652c32b4a7ed525e720.css?body=1&livereload=1503529473295&livereload=1503528167212" for ::1 at 2017-08-23 16:04:33 -0700
Started GET "/assets/application.self-4149018d64f0a9fb5744763289f112a1f51a9c9f1b5e9652c32b4a7ed525e720.css?body=1&livereload=1503529777869&livereload=1503528167212" for ::1 at 2017-08-23 16:09:37 -0700
Started GET "/assets/application.self-4149018d64f0a9fb5744763289f112a1f51a9c9f1b5e9652c32b4a7ed525e720.css?body=1&livereload=1503529777870&livereload=1503528167212" for ::1 at 2017-08-23 16:09:37 -0700
Started GET "/assets/application.self-4149018d64f0a9fb5744763289f112a1f51a9c9f1b5e9652c32b4a7ed525e720.css?body=1&livereload=1503529805411&livereload=1503528167212" for ::1 at 2017-08-23 16:10:05 -0700
Started GET "/assets/application.self-4149018d64f0a9fb5744763289f112a1f51a9c9f1b5e9652c32b4a7ed525e720.css?body=1&livereload=1503529805411&livereload=1503528167212&livereload=1503529805411" for ::1 at 2017-08-23 16:10:05 -0700
Started GET "/" for ::1 at 2017-08-23 16:10:07 -0700
Processing by StaticPagesController#index as HTML
  Rendering static_pages/index.html.erb within layouts/application
  Rendered shared/_main_nav.html.erb (0.6ms)
  Rendered shared/_masthead.html.erb (0.5ms)
  Rendered shared/_sections_nav.html.erb (0.5ms)
  Rendered shared/_search_modal.html.erb (0.3ms)
  Rendered shared/_main_content.html.erb (0.4ms)
  Rendered static_pages/index.html.erb within layouts/application (17.1ms)
Completed 200 OK in 62ms (Views: 57.5ms | ActiveRecord: 0.0ms)


Started GET "/assets/application.self-baf8df2be3c3a87ad4aad96f2b690cc583ef3dc0f4c712786d2d45d4d6741a11.css?body=1" for ::1 at 2017-08-23 16:10:07 -0700
Started GET "/assets/application.self-baf8df2be3c3a87ad4aad96f2b690cc583ef3dc0f4c712786d2d45d4d6741a11.css?body=1&livereload=1503531736609" for ::1 at 2017-08-23 16:42:16 -0700
Started GET "/assets/application.self-baf8df2be3c3a87ad4aad96f2b690cc583ef3dc0f4c712786d2d45d4d6741a11.css?body=1&livereload=1503531736617" for ::1 at 2017-08-23 16:42:16 -0700
Started GET "/" for ::1 at 2017-08-23 17:03:21 -0700
Processing by StaticPagesController#index as HTML
  Rendering static_pages/index.html.erb within layouts/application
  Rendered shared/_main_nav.html.erb (1.0ms)
  Rendered shared/_masthead.html.erb (0.6ms)
  Rendered shared/_sections_nav.html.erb (1.0ms)
  Rendered shared/_search_modal.html.erb (0.7ms)
  Rendered shared/_main_content.html.erb (2.5ms)
  Rendered static_pages/index.html.erb within layouts/application (20.0ms)
Completed 200 OK in 97ms (Views: 91.2ms | ActiveRecord: 0.0ms)


Started GET "/assets/application.self-90cd1016fefd57927196b71fe8a2fbe1bc3fff3fa88f9fc5f24079be8873346f.css?body=1" for ::1 at 2017-08-23 17:03:21 -0700
Started GET "/" for ::1 at 2017-08-23 17:04:30 -0700
Processing by StaticPagesController#index as HTML
  Rendering static_pages/index.html.erb within layouts/application
  Rendered shared/_main_nav.html.erb (0.5ms)
  Rendered shared/_masthead.html.erb (0.4ms)
  Rendered shared/_sections_nav.html.erb (0.5ms)
  Rendered shared/_search_modal.html.erb (0.5ms)
  Rendered shared/_main_content.html.erb (0.6ms)
  Rendered static_pages/index.html.erb within layouts/application (13.8ms)
Completed 200 OK in 103ms (Views: 100.1ms | ActiveRecord: 0.0ms)


Started GET "/" for ::1 at 2017-08-23 17:06:12 -0700
Processing by StaticPagesController#index as HTML
  Rendering static_pages/index.html.erb within layouts/application
  Rendered shared/_main_nav.html.erb (1.0ms)
  Rendered shared/_masthead.html.erb (0.6ms)
  Rendered shared/_sections_nav.html.erb (0.5ms)
  Rendered shared/_search_modal.html.erb (0.9ms)
  Rendered shared/_main_content.html.erb (2.0ms)
  Rendered static_pages/index.html.erb within layouts/application (13.4ms)
Completed 200 OK in 59ms (Views: 56.8ms | ActiveRecord: 0.0ms)


Started GET "/assets/application.self-90cd1016fefd57927196b71fe8a2fbe1bc3fff3fa88f9fc5f24079be8873346f.css?body=1&livereload=1503533176923" for ::1 at 2017-08-23 17:06:16 -0700
Started GET "/assets/application.self-90cd1016fefd57927196b71fe8a2fbe1bc3fff3fa88f9fc5f24079be8873346f.css?body=1&livereload=1503533176926" for ::1 at 2017-08-23 17:06:16 -0700
Started GET "/" for ::1 at 2017-08-23 17:06:19 -0700
Processing by StaticPagesController#index as HTML
  Rendering static_pages/index.html.erb within layouts/application
  Rendered shared/_main_nav.html.erb (0.4ms)
  Rendered shared/_masthead.html.erb (0.3ms)
  Rendered shared/_sections_nav.html.erb (0.2ms)
  Rendered shared/_search_modal.html.erb (0.2ms)
  Rendered shared/_main_content.html.erb (0.3ms)
  Rendered static_pages/index.html.erb within layouts/application (8.4ms)
Completed 200 OK in 33ms (Views: 31.5ms | ActiveRecord: 0.0ms)


Started GET "/assets/application.self-604cfad4bf9f1be401e14765c3f79d9d4ffbfc4781467ebaf2d5440c039c9713.css?body=1" for ::1 at 2017-08-23 17:06:19 -0700
Started GET "/" for ::1 at 2017-08-23 17:07:15 -0700
Processing by StaticPagesController#index as HTML
  Rendering static_pages/index.html.erb within layouts/application
  Rendered shared/_main_nav.html.erb (0.5ms)
  Rendered shared/_masthead.html.erb (0.4ms)
  Rendered shared/_sections_nav.html.erb (0.6ms)
  Rendered shared/_search_modal.html.erb (0.4ms)
  Rendered shared/_main_content.html.erb (0.3ms)
  Rendered static_pages/index.html.erb within layouts/application (11.6ms)
Completed 200 OK in 47ms (Views: 44.8ms | ActiveRecord: 0.0ms)


Started GET "/" for ::1 at 2017-08-23 17:08:10 -0700
Processing by StaticPagesController#index as HTML
  Rendering static_pages/index.html.erb within layouts/application
  Rendered shared/_main_nav.html.erb (0.5ms)
  Rendered shared/_masthead.html.erb (0.4ms)
  Rendered shared/_sections_nav.html.erb (0.4ms)
  Rendered shared/_search_modal.html.erb (0.5ms)
  Rendered shared/_main_content.html.erb (0.4ms)
  Rendered static_pages/index.html.erb within layouts/application (47.4ms)
Completed 200 OK in 79ms (Views: 76.3ms | ActiveRecord: 0.0ms)


Started GET "/" for ::1 at 2017-08-23 17:10:20 -0700
Processing by StaticPagesController#index as HTML
  Rendering static_pages/index.html.erb within layouts/application
  Rendered shared/_gear_dropdown.html.erb (5.7ms)
  Rendered shared/_main_nav.html.erb (10.4ms)
  Rendered shared/_masthead.html.erb (1.5ms)
  Rendered shared/_sections_nav.html.erb (2.1ms)
  Rendered shared/_search_modal.html.erb (2.2ms)
  Rendered shared/_main_content.html.erb (1.7ms)
  Rendered static_pages/index.html.erb within layouts/application (39.6ms)
Completed 200 OK in 149ms (Views: 143.0ms | ActiveRecord: 0.0ms)


Started GET "/assets/application.self-604cfad4bf9f1be401e14765c3f79d9d4ffbfc4781467ebaf2d5440c039c9713.css?body=1&livereload=1503533794183" for ::1 at 2017-08-23 17:16:34 -0700
Started GET "/assets/application.self-604cfad4bf9f1be401e14765c3f79d9d4ffbfc4781467ebaf2d5440c039c9713.css?body=1&livereload=1503533794193" for ::1 at 2017-08-23 17:16:34 -0700
Started GET "/assets/application.self-604cfad4bf9f1be401e14765c3f79d9d4ffbfc4781467ebaf2d5440c039c9713.css?body=1&livereload=1503534269229" for ::1 at 2017-08-23 17:24:29 -0700
Started GET "/assets/application.self-604cfad4bf9f1be401e14765c3f79d9d4ffbfc4781467ebaf2d5440c039c9713.css?body=1&livereload=1503534269248" for ::1 at 2017-08-23 17:24:29 -0700
Started GET "/assets/application.self-604cfad4bf9f1be401e14765c3f79d9d4ffbfc4781467ebaf2d5440c039c9713.css?body=1&livereload=1503534773681" for ::1 at 2017-08-23 17:32:53 -0700
Started GET "/assets/application.self-604cfad4bf9f1be401e14765c3f79d9d4ffbfc4781467ebaf2d5440c039c9713.css?body=1&livereload=1503534773683" for ::1 at 2017-08-23 17:32:53 -0700
Started GET "/assets/application.self-604cfad4bf9f1be401e14765c3f79d9d4ffbfc4781467ebaf2d5440c039c9713.css?body=1&livereload=1503534794786" for ::1 at 2017-08-23 17:33:14 -0700
Started GET "/assets/application.self-604cfad4bf9f1be401e14765c3f79d9d4ffbfc4781467ebaf2d5440c039c9713.css?body=1&livereload=1503534794787" for ::1 at 2017-08-23 17:33:14 -0700
Started GET "/assets/application.self-604cfad4bf9f1be401e14765c3f79d9d4ffbfc4781467ebaf2d5440c039c9713.css?body=1&livereload=1503534829258" for ::1 at 2017-08-23 17:33:49 -0700
Started GET "/assets/application.self-604cfad4bf9f1be401e14765c3f79d9d4ffbfc4781467ebaf2d5440c039c9713.css?body=1&livereload=1503534829259" for ::1 at 2017-08-23 17:33:49 -0700
Started GET "/assets/application.self-604cfad4bf9f1be401e14765c3f79d9d4ffbfc4781467ebaf2d5440c039c9713.css?body=1&livereload=1503534907143" for ::1 at 2017-08-23 17:35:07 -0700
Started GET "/assets/application.self-604cfad4bf9f1be401e14765c3f79d9d4ffbfc4781467ebaf2d5440c039c9713.css?body=1&livereload=1503534907144" for ::1 at 2017-08-23 17:35:07 -0700
Started GET "/" for ::1 at 2017-08-23 22:21:30 -0700
Processing by StaticPagesController#index as HTML
  Rendering static_pages/index.html.erb within layouts/application
  Rendered shared/_gear_dropdown.html.erb (2.4ms)
  Rendered shared/_main_nav.html.erb (10.1ms)
  Rendered shared/_masthead.html.erb (3.4ms)
  Rendered shared/_sections_nav.html.erb (2.6ms)
  Rendered shared/_search_modal.html.erb (2.6ms)
  Rendered shared/_main_content.html.erb (4.2ms)
  Rendered static_pages/index.html.erb within layouts/application (57.1ms)
Completed 200 OK in 186ms (Views: 170.8ms | ActiveRecord: 0.0ms)


Started GET "/assets/application.self-265f4e577f0838dda8f46326c5cefea66f118ddd9905fff781144de2ff1b4827.css?body=1" for ::1 at 2017-08-23 22:21:31 -0700
Started GET "/assets/AA_Times_Logo.png" for ::1 at 2017-08-23 22:21:31 -0700
Started GET "/" for ::1 at 2017-08-23 22:23:25 -0700
Processing by StaticPagesController#index as HTML
  Rendering static_pages/index.html.erb within layouts/application
  Rendered shared/_gear_dropdown.html.erb (1.9ms)
  Rendered shared/_main_nav.html.erb (4.5ms)
  Rendered shared/_masthead.html.erb (0.5ms)
  Rendered shared/_search_modal.html.erb (0.5ms)
  Rendered shared/_sections_nav.html.erb (2.9ms)
  Rendered shared/_search_modal.html.erb (0.1ms)
  Rendered shared/_main_content.html.erb (0.8ms)
  Rendered static_pages/index.html.erb within layouts/application (18.0ms)
Completed 200 OK in 53ms (Views: 49.6ms | ActiveRecord: 0.0ms)


Started GET "/assets/AA_Times_Logo.png" for ::1 at 2017-08-23 22:23:25 -0700
Started GET "/assets/application.self-265f4e577f0838dda8f46326c5cefea66f118ddd9905fff781144de2ff1b4827.css?body=1&livereload=1503552239784" for ::1 at 2017-08-23 22:23:59 -0700
Started GET "/assets/application.self-265f4e577f0838dda8f46326c5cefea66f118ddd9905fff781144de2ff1b4827.css?body=1&livereload=1503552239788" for ::1 at 2017-08-23 22:23:59 -0700
Started GET "/assets/application.self-265f4e577f0838dda8f46326c5cefea66f118ddd9905fff781144de2ff1b4827.css?body=1&livereload=1503552253945" for ::1 at 2017-08-23 22:24:13 -0700
Started GET "/assets/application.self-265f4e577f0838dda8f46326c5cefea66f118ddd9905fff781144de2ff1b4827.css?body=1&livereload=1503552253946" for ::1 at 2017-08-23 22:24:13 -0700
Started GET "/" for ::1 at 2017-08-23 22:27:26 -0700
Processing by StaticPagesController#index as HTML
  Rendering static_pages/index.html.erb within layouts/application
  Rendered shared/_gear_dropdown.html.erb (0.7ms)
  Rendered shared/_main_nav.html.erb (4.9ms)
  Rendered shared/_masthead.html.erb (0.7ms)
  Rendered shared/_search_modal.html.erb (0.6ms)
  Rendered shared/_sections_nav.html.erb (3.4ms)
  Rendered shared/_search_modal.html.erb (0.0ms)
  Rendered shared/_main_content.html.erb (1.2ms)
  Rendered static_pages/index.html.erb within layouts/application (23.2ms)
Completed 200 OK in 82ms (Views: 80.5ms | ActiveRecord: 0.0ms)


Started GET "/assets/application.self-2faa040b522b5c5dcf03b558f6cb550200da29c9d9ed8b661b2c48ec05361b5e.css?body=1" for ::1 at 2017-08-23 22:27:26 -0700
Started GET "/assets/AA_Times_Logo.png" for ::1 at 2017-08-23 22:27:26 -0700
Started GET "/" for ::1 at 2017-08-23 22:27:34 -0700
Processing by StaticPagesController#index as HTML
  Rendering static_pages/index.html.erb within layouts/application
  Rendered shared/_gear_dropdown.html.erb (0.4ms)
  Rendered shared/_main_nav.html.erb (2.3ms)
  Rendered shared/_masthead.html.erb (0.8ms)
  Rendered shared/_search_modal.html.erb (0.3ms)
  Rendered shared/_sections_nav.html.erb (2.1ms)
  Rendered shared/_search_modal.html.erb (0.0ms)
  Rendered shared/_main_content.html.erb (0.5ms)
  Rendered static_pages/index.html.erb within layouts/application (14.1ms)
Completed 200 OK in 78ms (Views: 76.3ms | ActiveRecord: 0.0ms)


Started GET "/assets/AA_Times_Logo.png" for ::1 at 2017-08-23 22:27:34 -0700
Started GET "/assets/application.self-2faa040b522b5c5dcf03b558f6cb550200da29c9d9ed8b661b2c48ec05361b5e.css?body=1&livereload=1503552530484" for ::1 at 2017-08-23 22:28:50 -0700
Started GET "/assets/application.self-2faa040b522b5c5dcf03b558f6cb550200da29c9d9ed8b661b2c48ec05361b5e.css?body=1&livereload=1503552530489" for ::1 at 2017-08-23 22:28:50 -0700
Started GET "/assets/application.self-2faa040b522b5c5dcf03b558f6cb550200da29c9d9ed8b661b2c48ec05361b5e.css?body=1&livereload=1503552557689" for ::1 at 2017-08-23 22:29:17 -0700
Started GET "/assets/application.self-2faa040b522b5c5dcf03b558f6cb550200da29c9d9ed8b661b2c48ec05361b5e.css?body=1&livereload=1503552557690" for ::1 at 2017-08-23 22:29:17 -0700
